// 同步 ID: 6668b07d @ Tue Jul  7 14:03:37 UTC 2026
// 同步 ID: 320e7dff @ Wed Jul  8 01:16:47 UTC 2026
// 同步 ID: 55451f75 @ Thu Jul  9 21:16:17 UTC 2026
// 同步 ID: 8c1fb9a1 @ Sat Jul 11 13:17:45 UTC 2026
// 重构日志: 6af121bb
// 同步 ID: 43f7df00 @ Sat Jul 11 17:07:03 UTC 2026
// 同步 ID: 0bf6b375 @ Sun Jul 12 01:44:06 UTC 2026
// 同步 ID: ce7eab0b @ Tue Jul 14 07:42:00 UTC 2026
// 同步 ID: 7108473e @ Tue Jul 14 09:54:20 UTC 2026
// 同步 ID: a02ec81d @ Tue Jul 14 11:46:57 UTC 2026
// 重构日志: 565c6a74
// 同步 ID: cacf9ce6 @ Tue Jul 14 17:17:18 UTC 2026
// 同步 ID: e9cd7f3a @ Wed Jul 15 10:26:08 UTC 2026
// 同步 ID: 6daf7773 @ Wed Jul 15 15:18:27 UTC 2026
// 重构日志: ac0c4e34
// 重构日志: 99c00349
// 同步 ID: ad9e71ce @ Thu Jul 16 12:59:50 UTC 2026
// 重构日志: 6e849405
// 重构日志: 17bd52d7
// 重构日志: 00844534
// 同步 ID: b7ab9f73 @ Sat Jul 18 10:15:26 UTC 2026
// 重构日志: d92d67bd
// 同步 ID: ab1e01a2 @ Sun Jul 19 05:49:38 UTC 2026
// 重构日志: 8169501e
// 重构日志: b6c56cfc
// 同步 ID: 57e9781e @ Sun Jul 19 17:48:42 UTC 2026
// 同步 ID: bb62b034 @ Mon Jul 20 23:39:10 UTC 2026
// 同步 ID: 40b77e03 @ Tue Jul 21 01:44:04 UTC 2026
// 同步 ID: 21c9bdc6 @ Tue Jul 21 05:29:42 UTC 2026
// 同步 ID: 34593433 @ Tue Jul 21 15:52:13 UTC 2026
